2020-08-21 22:08:52,907 - train_validation_process.train_validation - INFO - ==========================Training  Started==========================
2020-08-21 22:08:53,652 - data_processing_functions - INFO - ---Shape Before deleting unnammed column---
2020-08-21 22:08:53,667 - data_processing_functions - INFO - (569, 32)
2020-08-21 22:08:53,693 - data_processing_functions - INFO - ---Shape After deleting unnammed column---
2020-08-21 22:08:53,714 - data_processing_functions - INFO - (569, 32)
2020-08-21 22:08:53,731 - data_processing_functions - INFO - ----------matchColumnsDetailsWithSchema Starts----------
2020-08-21 22:08:53,821 - data_processing_functions - INFO - Number of columns are identical with equal columns in the dataset and schema.
2020-08-21 22:08:53,835 - data_processing_functions - INFO - ----------removeNullValues Starts----------
2020-08-21 22:08:53,845 - data_processing_functions - INFO - (569, 32)
2020-08-21 22:08:53,863 - data_processing_functions - INFO - Null Values Count Before :
2020-08-21 22:08:53,889 - data_processing_functions - INFO - id                         0
diagnosis                  0
radius_mean                0
texture_mean               0
perimeter_mean             0
area_mean                  0
smoothness_mean            0
compactness_mean           0
concavity_mean             0
concave points_mean        0
symmetry_mean              0
fractal_dimension_mean     0
radius_se                  0
texture_se                 0
perimeter_se               0
area_se                    0
smoothness_se              0
compactness_se             0
concavity_se               0
concave points_se          0
symmetry_se                0
fractal_dimension_se       0
radius_worst               0
texture_worst              0
perimeter_worst            0
area_worst                 0
smoothness_worst           0
compactness_worst          0
concavity_worst            0
concave points_worst       0
symmetry_worst             0
fractal_dimension_worst    0
dtype: int64
2020-08-21 22:08:53,952 - data_processing_functions - INFO - Null Values Count After :
2020-08-21 22:08:53,998 - data_processing_functions - INFO - id                         0
diagnosis                  0
radius_mean                0
texture_mean               0
perimeter_mean             0
area_mean                  0
smoothness_mean            0
compactness_mean           0
concavity_mean             0
concave points_mean        0
symmetry_mean              0
fractal_dimension_mean     0
radius_se                  0
texture_se                 0
perimeter_se               0
area_se                    0
smoothness_se              0
compactness_se             0
concavity_se               0
concave points_se          0
symmetry_se                0
fractal_dimension_se       0
radius_worst               0
texture_worst              0
perimeter_worst            0
area_worst                 0
smoothness_worst           0
compactness_worst          0
concavity_worst            0
concave points_worst       0
symmetry_worst             0
fractal_dimension_worst    0
dtype: int64
2020-08-21 22:08:54,017 - data_processing_functions - INFO - ----------convertToDummies Starts----------
2020-08-21 22:08:54,035 - data_processing_functions - INFO - Before Converting to Dummies
2020-08-21 22:08:54,041 - data_processing_functions - INFO - 0    M
1    M
2    M
3    M
4    M
Name: diagnosis, dtype: object
2020-08-21 22:08:54,086 - data_processing_functions - INFO - After Converting to Dummies
2020-08-21 22:08:54,089 - data_processing_functions - INFO - 0    1
1    1
2    1
3    1
4    1
Name: diagnosis, dtype: int64
2020-08-21 22:08:54,098 - data_processing_functions - INFO - ----------createFinalDataForTrainingModels Starts----------
2020-08-21 22:08:54,296 - data_processing_functions - INFO - ----------storeFinalCsvToDatabase Starts----------
2020-08-21 22:08:57,670 - data_processing_functions - INFO - ----------selectModel Starts----------
2020-08-21 22:08:57,986 - data_processing_functions - INFO -               precision    recall  f1-score   support

           0       0.93      1.00      0.96        66
           1       1.00      0.90      0.95        48

    accuracy                           0.96       114
   macro avg       0.96      0.95      0.95       114
weighted avg       0.96      0.96      0.96       114

2020-08-21 22:08:57,991 - data_processing_functions - INFO - [[66  0]
 [ 5 43]]
2020-08-21 22:08:59,049 - data_processing_functions - INFO -               precision    recall  f1-score   support

           0       0.96      1.00      0.98        66
           1       1.00      0.94      0.97        48

    accuracy                           0.97       114
   macro avg       0.98      0.97      0.97       114
weighted avg       0.97      0.97      0.97       114

2020-08-21 22:08:59,112 - data_processing_functions - INFO - [[66  0]
 [ 3 45]]
2020-08-21 22:08:59,316 - data_processing_functions - INFO -               precision    recall  f1-score   support

           0       0.90      1.00      0.95        66
           1       1.00      0.85      0.92        48

    accuracy                           0.94       114
   macro avg       0.95      0.93      0.94       114
weighted avg       0.94      0.94      0.94       114

2020-08-21 22:08:59,384 - data_processing_functions - INFO - [[66  0]
 [ 7 41]]
2020-08-21 22:08:59,744 - data_processing_functions - INFO -               precision    recall  f1-score   support

           0       0.92      1.00      0.96        66
           1       1.00      0.88      0.93        48

    accuracy                           0.95       114
   macro avg       0.96      0.94      0.94       114
weighted avg       0.95      0.95      0.95       114

2020-08-21 22:08:59,790 - data_processing_functions - INFO - [[66  0]
 [ 6 42]]
2020-08-21 22:08:59,822 - data_processing_functions - INFO - Model Accuray
2020-08-21 22:08:59,823 - data_processing_functions - INFO - {'lr': 95.61, 'rfc': 97.37, 'svc': 93.86, 'knn': 94.74}
2020-08-21 22:08:59,897 - data_processing_functions - INFO - rfc_breast_cancer_model_97.37.pkl
2020-08-21 22:08:59,988 - data_processing_functions - INFO - ==========================Training  Completed==========================
2020-08-21 22:09:17,312 - data_processing_functions - INFO - ---Shape Before deleting unnammed column---
2020-08-21 22:09:17,367 - data_processing_functions - INFO - (569, 31)
2020-08-21 22:09:17,397 - data_processing_functions - INFO - ---Shape After deleting unnammed column---
2020-08-21 22:09:17,425 - data_processing_functions - INFO - (569, 31)
2020-08-21 22:09:17,433 - data_processing_functions - INFO - ----------matchColumnsDetailsWithSchema Starts----------
2020-08-21 22:09:17,477 - data_processing_functions - INFO - Number of columns are identical with equal columns in the dataset and schema.
2020-08-21 22:09:17,551 - data_processing_functions - INFO - ----------removeNullValues Starts----------
2020-08-21 22:09:17,599 - data_processing_functions - INFO - (569, 31)
2020-08-21 22:09:17,642 - data_processing_functions - INFO - Null Values Count Before :
2020-08-21 22:09:17,751 - data_processing_functions - INFO - id                         0
radius_mean                0
texture_mean               0
perimeter_mean             0
area_mean                  0
smoothness_mean            0
compactness_mean           0
concavity_mean             0
concave points_mean        0
symmetry_mean              0
fractal_dimension_mean     0
radius_se                  0
texture_se                 0
perimeter_se               0
area_se                    0
smoothness_se              0
compactness_se             0
concavity_se               0
concave points_se          0
symmetry_se                0
fractal_dimension_se       0
radius_worst               0
texture_worst              0
perimeter_worst            0
area_worst                 0
smoothness_worst           0
compactness_worst          0
concavity_worst            0
concave points_worst       0
symmetry_worst             0
fractal_dimension_worst    0
dtype: int64
2020-08-21 22:09:17,782 - data_processing_functions - INFO - Null Values Count After :
2020-08-21 22:09:17,907 - data_processing_functions - INFO - id                         0
radius_mean                0
texture_mean               0
perimeter_mean             0
area_mean                  0
smoothness_mean            0
compactness_mean           0
concavity_mean             0
concave points_mean        0
symmetry_mean              0
fractal_dimension_mean     0
radius_se                  0
texture_se                 0
perimeter_se               0
area_se                    0
smoothness_se              0
compactness_se             0
concavity_se               0
concave points_se          0
symmetry_se                0
fractal_dimension_se       0
radius_worst               0
texture_worst              0
perimeter_worst            0
area_worst                 0
smoothness_worst           0
compactness_worst          0
concavity_worst            0
concave points_worst       0
symmetry_worst             0
fractal_dimension_worst    0
dtype: int64
2020-08-21 22:09:17,970 - data_processing_functions - INFO - ----------predictValues Starts----------
2020-08-21 22:09:18,034 - data_processing_functions - INFO - (569, 30)
2020-08-21 22:09:47,137 - data_processing_functions - INFO - ==========================Prediction Completed==========================
